<?xml version="1.0" encoding="UTF-8"?>
<!-- Generated by org.testng.reporters.JUnitReportReporter -->
<testsuite hostname="DESKTOP-92ROU2U" failures="0" tests="1" name="script.DemoTest" time="23.377" errors="0" timestamp="2023-05-03T09:23:07 GMT-04:00" skipped="0">
  <testcase classname="script.DemoTest" name="demoTest1" time="23.377"/>
  <system-out>
    <![CDATA[test data:admin
Google]]>
  </system-out>
</testsuite> <!-- script.DemoTest -->
