<?xml version="1.0" encoding="UTF-8"?>
<!-- Generated by org.testng.reporters.JUnitReportReporter -->
<testsuite hostname="DESKTOP-92ROU2U" failures="0" tests="1" name="script.InValidLogin" time="20.395" errors="0" timestamp="2023-05-06T22:57:01 GMT-04:00" skipped="0">
  <testcase classname="script.InValidLogin" name="testInvalidLogin" time="20.395"/>
  <system-out>
    <![CDATA[Err Msg is Displayed]]>
  </system-out>
</testsuite> <!-- script.InValidLogin -->
